<?xml version="1.0" encoding="UTF-8"?>
<!-- Generated by org.testng.reporters.JUnitReportReporter -->
<testsuite hostname="DESKTOP-N84GOOJ" failures="0" tests="8" name="org.TestCases1.Ashraya_TC02_AddPayeeFundTransferValidation" time="13.595" errors="1" timestamp="2023-05-10T13:59:36 IST" skipped="7">
  <testcase classname="org.TestCases1.Ashraya_TC02_AddPayeeFundTransferValidation" name="InitiateDriver" time="13.595">
    <error message="Could not start a new session. Response code 500. Message: An unknown server-side error occurred while processing the command. Original error: Error executing adbExec. Original error: &#039;Command &#039;C:\\Users\\SIB\\AppData\\Local\\Android\\Sdk\\platform-tools\\adb.exe -P 5037 -s emulator-5554 shell &#039;settings delete global hidden_api_policy_pre_p_apps;settings delete global hidden_api_policy_p_apps;settings delete global hidden_api_policy&#039;&#039; exited with code 20&#039;; Command output: cmd: Can&#039;t find service: settings
cmd: Can&#039;t find service: settings
cmd: Can&#039;t find service: settings
 
Host info: host: &#039;DESKTOP-N84GOOJ&#039;, ip: &#039;172.16.3.172&#039;
Build info: version: &#039;4.6.0&#039;, revision: &#039;79f1c02ae20&#039;
System info: os.name: &#039;Windows 11&#039;, os.arch: &#039;amd64&#039;, os.version: &#039;10.0&#039;, java.version: &#039;18.0.1&#039;
Driver info: io.appium.java_client.android.AndroidDriver
Command: [null, newSession {capabilities=[{appium:app=C:\Users\SIB\eclipse-workspace\Mirror Plus_POC\src\UAT_Signed_Mirror+20230320115717.apk, appium:automationName=Appium, appium:deviceName=NewDevice, platformName=ANDROID}], desiredCapabilities=Capabilities {app: C:\Users\SIB\eclipse-worksp..., automationName: Appium, deviceName: NewDevice, platformName: ANDROID}}]
Capabilities {}" type="org.openqa.selenium.SessionNotCreatedException">
      <![CDATA[org.openqa.selenium.SessionNotCreatedException: Could not start a new session. Response code 500. Message: An unknown server-side error occurred while processing the command. Original error: Error executing adbExec. Original error: 'Command 'C:\\Users\\SIB\\AppData\\Local\\Android\\Sdk\\platform-tools\\adb.exe -P 5037 -s emulator-5554 shell 'settings delete global hidden_api_policy_pre_p_apps;settings delete global hidden_api_policy_p_apps;settings delete global hidden_api_policy'' exited with code 20'; Command output: cmd: Can't find service: settings
cmd: Can't find service: settings
cmd: Can't find service: settings
 
Host info: host: 'DESKTOP-N84GOOJ', ip: '172.16.3.172'
Build info: version: '4.6.0', revision: '79f1c02ae20'
System info: os.name: 'Windows 11', os.arch: 'amd64', os.version: '10.0', java.version: '18.0.1'
Driver info: io.appium.java_client.android.AndroidDriver
Command: [null, newSession {capabilities=[{appium:app=C:\Users\SIB\eclipse-workspace\Mirror Plus_POC\src\UAT_Signed_Mirror+20230320115717.apk, appium:automationName=Appium, appium:deviceName=NewDevice, platformName=ANDROID}], desiredCapabilities=Capabilities {app: C:\Users\SIB\eclipse-worksp..., automationName: Appium, deviceName: NewDevice, platformName: ANDROID}}]
Capabilities {}
at org.openqa.selenium.remote.ProtocolHandshake.createSession(ProtocolHandshake.java:146)
at java.base/jdk.internal.reflect.DirectMethodHandleAccessor.invoke(DirectMethodHandleAccessor.java:104)
at java.base/java.lang.reflect.Method.invoke(Method.java:577)
at io.appium.java_client.remote.AppiumProtocolHandshake.createSession(AppiumProtocolHandshake.java:126)
at io.appium.java_client.remote.AppiumProtocolHandshake.createSession(AppiumProtocolHandshake.java:102)
at io.appium.java_client.remote.AppiumCommandExecutor.createSession(AppiumCommandExecutor.java:194)
at io.appium.java_client.remote.AppiumCommandExecutor.execute(AppiumCommandExecutor.java:262)
at org.openqa.selenium.remote.RemoteWebDriver.execute(RemoteWebDriver.java:541)
at io.appium.java_client.AppiumDriver.startSession(AppiumDriver.java:229)
at org.openqa.selenium.remote.RemoteWebDriver.<init>(RemoteWebDriver.java:157)
at io.appium.java_client.AppiumDriver.<init>(AppiumDriver.java:80)
at io.appium.java_client.AppiumDriver.<init>(AppiumDriver.java:92)
at io.appium.java_client.android.AndroidDriver.<init>(AndroidDriver.java:117)
at org.Base1.DriverInstance1.InitiateDriver(DriverInstance1.java:61)
at java.base/jdk.internal.reflect.DirectMethodHandleAccessor.invoke(DirectMethodHandleAccessor.java:104)
at java.base/java.lang.reflect.Method.invoke(Method.java:577)
at org.testng.internal.MethodInvocationHelper.invokeMethod(MethodInvocationHelper.java:133)
at org.testng.internal.MethodInvocationHelper.invokeMethodConsideringTimeout(MethodInvocationHelper.java:62)
at org.testng.internal.ConfigInvoker.invokeConfigurationMethod(ConfigInvoker.java:385)
at org.testng.internal.ConfigInvoker.invokeConfigurations(ConfigInvoker.java:321)
at org.testng.internal.TestMethodWorker.invokeBeforeClassMethods(TestMethodWorker.java:176)
at org.testng.internal.TestMethodWorker.run(TestMethodWorker.java:122)
at java.base/java.util.ArrayList.forEach(ArrayList.java:1511)
at org.testng.TestRunner.privateRun(TestRunner.java:794)
at org.testng.TestRunner.run(TestRunner.java:596)
at org.testng.SuiteRunner.runTest(SuiteRunner.java:377)
at org.testng.SuiteRunner.runSequentially(SuiteRunner.java:371)
at org.testng.SuiteRunner.privateRun(SuiteRunner.java:332)
at org.testng.SuiteRunner.run(SuiteRunner.java:276)
at org.testng.SuiteRunnerWorker.runSuite(SuiteRunnerWorker.java:53)
at org.testng.SuiteRunnerWorker.run(SuiteRunnerWorker.java:96)
at org.testng.TestNG.runSuitesSequentially(TestNG.java:1212)
at org.testng.TestNG.runSuitesLocally(TestNG.java:1134)
at org.testng.TestNG.runSuites(TestNG.java:1063)
at org.testng.TestNG.run(TestNG.java:1031)
at org.testng.remote.AbstractRemoteTestNG.run(AbstractRemoteTestNG.java:115)
at org.testng.remote.RemoteTestNG.initAndRun(RemoteTestNG.java:251)
at org.testng.remote.RemoteTestNG.main(RemoteTestNG.java:77)
]]>
    </error>
  </testcase> <!-- InitiateDriver -->
  <system-out/>
  <testcase classname="org.TestCases1.Ashraya_TC02_AddPayeeFundTransferValidation" name="TC01_RegistrationValidation" time="0.000">
    <skipped/>
  </testcase> <!-- TC01_RegistrationValidation -->
  <system-out/>
  <testcase classname="org.TestCases1.Ashraya_TC02_AddPayeeFundTransferValidation" name="TC02_LoginValidation" time="0.000">
    <skipped/>
  </testcase> <!-- TC02_LoginValidation -->
  <system-out/>
  <testcase classname="org.TestCases1.Ashraya_TC02_AddPayeeFundTransferValidation" name="TC03_AccountDetailsValidation" time="0.000">
    <skipped/>
  </testcase> <!-- TC03_AccountDetailsValidation -->
  <system-out/>
  <testcase classname="org.TestCases1.Ashraya_TC02_AddPayeeFundTransferValidation" name="TC_04_AddPayeeValidation" time="0.000">
    <skipped/>
  </testcase> <!-- TC_04_AddPayeeValidation -->
  <system-out/>
  <testcase classname="org.TestCases1.Ashraya_TC02_AddPayeeFundTransferValidation" name="TC_05_FundTransfer" time="0.000">
    <skipped/>
  </testcase> <!-- TC_05_FundTransfer -->
  <system-out/>
  <testcase classname="org.TestCases1.Ashraya_TC02_AddPayeeFundTransferValidation" name="TC_06_DeletePayee" time="0.000">
    <skipped/>
  </testcase> <!-- TC_06_DeletePayee -->
  <system-out/>
  <testcase classname="org.TestCases1.Ashraya_TC02_AddPayeeFundTransferValidation" name="TC_07_LogOff" time="0.000">
    <skipped/>
  </testcase> <!-- TC_07_LogOff -->
  <system-out/>
</testsuite> <!-- org.TestCases1.Ashraya_TC02_AddPayeeFundTransferValidation -->
